09:19:56 ._SETUP.EXE started at: November 22, 2019 09:19:56
09:19:56 -----------------------------------------------------------------------------
09:19:56 .Command line: -Q
09:19:56 .Check if the user belongs to the Administrators group
09:19:56 .User belongs to the Administrators group
09:19:56 .Kit-Dll loaded from: D:\KRC1_CD\INTERNAT\TOOLS\XPESP\Kit.dll
09:19:56 .CheckKitVersion: TRUE (KitVersion: 1.33.0.0)
09:19:56 .Version.ini: Option=SecurityUpdateXP Version=V1.1.26 Build=35 Date=20140108 
09:19:56 .Start init PreSelectBase
09:19:56 .enumerate installed options
09:19:56 .->result: KUKA.SafeRobot
09:19:56 .->result: ProfiNetIO
09:19:56 .->result: KUKA.USB
09:19:56 .reading: [HKLM\Software\KUKA Roboter GmbH\Version], "Version"
09:19:56 .->result: V5.6.12
09:19:56 .reading: [HKLM\Software\KUKA Roboter GmbH\Version], "KRCVersion"
09:19:56 .->result: KR C
09:19:56 .reading: [HKLM\Software\KUKA Roboter GmbH\Version], "OfficeLite"
09:19:56 .->result: 0
09:19:56 .reading: [HKLM\Software\KUKA Roboter GmbH\Version], "Customer"
09:19:56 .->result: KUKA
09:19:56 .reading: [HKLM\Software\KUKA Roboter GmbH\Version], "InstallationDir"
09:19:56 .->result: C:\KRC
09:19:56 .S4R: Get the TrafoName for the actual mada typ.
09:19:56 .S4R: Actual TrafoName: #KR2210_2 S C2 FLR ZH210
09:19:56 .reading: [HKLM\Software\Microsoft\Windows NT\CurrentVersion], "KUKA_Build"
09:19:56 .->result: XPe V2.0.0 Build 2, 2006-06-01
09:19:56 .reading: [HKLM\Software\KUKA Roboter GmbH\Version], "InstallationDir"
09:19:56 .->result: C:\KRC
09:19:56 !can't load file: C:\KRC\USER\SmartHMI.User.config
09:19:56 !SmartHMI config not found. Use default language: en
09:19:56 .User language of HMI: en
09:19:56 .use section [SetupXPe2_0]
09:19:56 .enumerate installed options
09:19:56 .->result: KUKA.SafeRobot
09:19:56 .->result: ProfiNetIO
09:19:56 .->result: KUKA.USB
09:19:56 .Use INI-File: D:\KRC1_CD\INTERNAT\TOOLS\XPESP\INTERNAT\KRCUPD\Setup2_0.ini
09:19:56 .Check INI-files.
09:19:56 !Section 'Exec1a' not found in 'D:\KRC1_CD\INTERNAT\TOOLS\XPESP\INTERNAT\KRCUPD\Setup2_0.ini'.
09:19:56 !Section 'Exec4' not found in 'D:\KRC1_CD\INTERNAT\TOOLS\XPESP\INTERNAT\KRCUPD\Setup2_0.ini'.
09:19:56 !Section 'ShortCuts' not found in 'D:\KRC1_CD\INTERNAT\TOOLS\XPESP\INTERNAT\KRCUPD\Setup2_0.ini'.
09:19:56 !Section 'Delete0' not found in 'D:\KRC1_CD\INTERNAT\TOOLS\XPESP\INTERNAT\KRCUPD\Setup2_0.ini'.
09:19:56 !Section 'RegOption' not found in 'D:\KRC1_CD\INTERNAT\TOOLS\XPESP\INTERNAT\KRCUPD\Setup2_0.ini'.
09:19:56 !Section 'WinDir' not found in 'D:\KRC1_CD\INTERNAT\TOOLS\XPESP\INTERNAT\KRCUPD\Setup2_0.ini'.
09:19:56 !Section 'UserVar' not found in 'D:\KRC1_CD\INTERNAT\TOOLS\XPESP\INTERNAT\KRCUPD\Setup2_0.ini'.
09:19:56 !Section 'Dependencies' not found in 'D:\KRC1_CD\INTERNAT\TOOLS\XPESP\INTERNAT\KRCUPD\Setup2_0.ini'.
09:19:56 !Unable to get 'CheckRegistry' from KuKaUpd.ini
09:19:56 !'Build' from KuKaUpd.ini is empty use info from version.ini = 35
09:19:56 !'NewVersion' from KuKaUpd.ini is empty use info from version.ini = V1.1.26
09:19:56 !Unable to get 'OperatingSystem' from KuKaUpd.ini
09:19:56 .No check of operating system
09:19:56 .No KRC
09:19:56 .Get infos from current installed release
09:19:56 !Unable to get value of registry key 'Patch'.
09:19:56 !Unable to get value of registry key 'PatchDir'.
09:19:56 !Get ParameterMark: No value for ParameterMark found. Use #
09:19:56 !'NewVersion' from KuKaUpd.ini is empty use info from version.ini = V1.1.26
09:19:56 !Unable to get 'LogFile' from KuKaUpd.ini
09:19:56 !No 'ReinstDir' available in section [Information]
09:19:56 !No 'UninstDir' available in section [Information]
09:19:56 .GetUserExeLangID: 0x409
09:19:56 !Get LanguageDir no Id available in section [WinDir]
09:19:56 !Get LanguageDir Id not found in section [WinDir]
09:19:56 .Check if the user belongs to the Administrators group
09:19:56 .User belongs to the Administrators group
09:19:56 !Unable to get 'ShowSecurityCheck' from KuKaUpd.ini
09:19:56 !Unable to get 'CheckDependencies' from KuKaUpd.ini
09:19:56 .Start prepare Security Update installation
09:19:56 .Don't check installed version and service pack version
09:19:56 !Unable to get 'CheckMd5' from KuKaUpd.ini. Use 'AUTO'
09:19:56 !MD5 check == AUTO. No Md5 file found: D:\KRC1_CD\INTERNAT\TOOLS\XPESP\CD.MD5
09:19:56 !Get DisableFastBoot: No value for DisableFastBoot found. Use 'AUTO'
09:19:56 .check 'KUKA Powermanagement' service
09:19:56 !'KUKA Powermanagement' service not found
09:19:56 .PM-Service not found => DisableFastBoot=FALSE
09:19:56 .Delete work 0
09:19:56 !Delete work nothing to do
09:19:56 .Make SaveDir
09:19:56 !No 'UninstDir' available in section [Information]
09:19:56 !Make UninstDir nothing to do
09:19:56 !No 'ReinstDir' available in section [Information]
09:19:56 !Make ReinstDir nothing to do
09:19:56 !Make SaveDir nothing to do
09:19:56 .Save files
09:19:56 .Copy files with wininit-method
09:19:56 .CopyFiles: 1 from D:\KRC1_CD\INTERNAT\TOOLS\XPESP\Internat\Tools\XPeSP\MSRemovalTool.exe to C:\WINDOWS\KUKA\MSRemovalTool\MSRemovalTool.exe
09:19:56 .Get NoHibernate: TRUE
09:19:56 .check 'KUKA Powermanagement' service
09:19:56 !'KUKA Powermanagement' service not found
09:19:56 .Force no hibernate
09:19:56 .Unregister files
09:19:56 .Delete work 1
09:19:56 .Copy files final step
09:19:56 .Register files
09:19:56 .Save registry
09:19:56 .Registry work
09:19:56 !Unable to get 'RegeditDir' from KuKaUpd.ini use default value.
09:19:56 .Registry work: "D:\KRC1_CD\INTERNAT\TOOLS\XPESP\Internat\KrcUpd\security.reg"
09:19:56 .Modify files
09:19:56 .Make shortcuts
09:19:56 !No files available to make shortcuts
09:19:56 .Execute check parameter: D:\KRC1_CD\INTERNAT\TOOLS\XPESP\Internat\Tools\XPeSP\MSRemovalTool.exe #/Q#
09:19:56 .Execute start: "D:\KRC1_CD\INTERNAT\TOOLS\XPESP\Internat\Tools\XPeSP\MSRemovalTool.exe" /Q
09:21:32 .Return value from executed program: 0
09:21:32 .check: [HKLM\SOFTWARE\Microsoft\Updates\Windows XP\SP3\KB893803v2]
09:21:32 !Condition FALSE: [Exec3] 2=%SourceDir%\Internat\Tools\XPeSP\WindowsInstaller-KB893803-v2-x86.exe #/passive /norestart# ///[HKEY_LOCAL_MACHINE\SOFTWARE\Microsoft\Updates\Windows XP\SP3\KB893803v2]:<>
09:21:32 .check: [HKLM\SOFTWARE\Microsoft\Updates\Windows XP\SP3\KB917159]
09:21:32 !Condition FALSE: [Exec3] 3=%SourceDir%\Internat\Tools\XPeSP\WindowsXP-KB917159-x86-ENU.exe #/passive /norestart# ///[HKEY_LOCAL_MACHINE\SOFTWARE\Microsoft\Updates\Windows XP\SP3\KB917159]:<>
09:21:32 .check: [HKLM\SOFTWARE\Microsoft\Updates\Windows XP\SP3\KB914388]
09:21:32 !Condition FALSE: [Exec3] 4=%SourceDir%\Internat\Tools\XPeSP\WindowsXP-KB914388-x86-ENU.exe #/passive /norestart# ///[HKEY_LOCAL_MACHINE\SOFTWARE\Microsoft\Updates\Windows XP\SP3\KB914388]:<>
09:21:32 .check: [HKLM\SOFTWARE\Microsoft\Updates\Windows XP\SP3\KB920683]
09:21:32 !Condition FALSE: [Exec3] 5=%SourceDir%\Internat\Tools\XPeSP\WindowsXP-KB920683-x86-ENU.exe #/passive /norestart# ///[HKEY_LOCAL_MACHINE\SOFTWARE\Microsoft\Updates\Windows XP\SP3\KB920683]:<>
09:21:32 .check: [HKLM\SOFTWARE\Microsoft\Updates\Windows XP\SP3\KB922616]
09:21:32 !Condition FALSE: [Exec3] 6=%SourceDir%\Internat\Tools\XPeSP\WindowsXP-KB922616-x86-ENU.exe #/passive /norestart# ///[HKEY_LOCAL_MACHINE\SOFTWARE\Microsoft\Updates\Windows XP\SP3\KB922616]:<>
09:21:32 .check: [HKLM\SOFTWARE\Microsoft\Updates\Windows XP\SP3\KB920670]
09:21:32 !Condition FALSE: [Exec3] 7=%SourceDir%\Internat\Tools\XPeSP\WindowsXP-KB920670-x86-ENU.exe #/passive /norestart# ///[HKEY_LOCAL_MACHINE\SOFTWARE\Microsoft\Updates\Windows XP\SP3\KB920670]:<>
09:21:32 .check: [HKLM\SOFTWARE\Microsoft\Updates\Windows XP\SP3\KB923191]
09:21:32 !Condition FALSE: [Exec3] 8=%SourceDir%\Internat\Tools\XPeSP\WindowsXP-KB923191-x86-ENU.exe #/passive /norestart# ///[HKEY_LOCAL_MACHINE\SOFTWARE\Microsoft\Updates\Windows XP\SP3\KB923191]:<>
09:21:32 .check: [HKLM\SOFTWARE\Microsoft\Updates\Windows XP\SP3\KB924191]
09:21:32 !Condition FALSE: [Exec3] 9=%SourceDir%\Internat\Tools\XPeSP\WindowsXP-KB924191-x86-ENU.exe #/passive /norestart# ///[HKEY_LOCAL_MACHINE\SOFTWARE\Microsoft\Updates\Windows XP\SP3\KB924191]:<>
09:21:32 .check: [HKLM\SOFTWARE\Microsoft\Updates\Windows XP\SP3\KB922819]
09:21:32 !Condition FALSE: [Exec3] 10=%SourceDir%\Internat\Tools\XPeSP\WindowsXP-KB922819-x86-ENU.exe #/passive /norestart# ///[HKEY_LOCAL_MACHINE\SOFTWARE\Microsoft\Updates\Windows XP\SP3\KB922819]:<>
09:21:32 .check: [HKLM\SOFTWARE\Microsoft\Updates\Windows XP\SP3\KB924496]
09:21:32 !Condition FALSE: [Exec3] 11=%SourceDir%\Internat\Tools\XPeSP\WindowsXP-KB924496-x86-ENU.exe #/passive /norestart# ///[HKEY_LOCAL_MACHINE\SOFTWARE\Microsoft\Updates\Windows XP\SP3\KB924496]:<>
09:21:32 .check: [HKLM\SOFTWARE\Microsoft\Updates\Windows XP\SP3\KB923980]
09:21:32 !Condition FALSE: [Exec3] 12=%SourceDir%\Internat\Tools\XPeSP\WindowsXP-KB923980-x86-ENU.exe #/passive /norestart# ///[HKEY_LOCAL_MACHINE\SOFTWARE\Microsoft\Updates\Windows XP\SP3\KB923980]:<>
09:21:32 .check: [HKLM\SOFTWARE\Microsoft\Updates\Windows XP\SP3\KB924270]
09:21:32 !Condition FALSE: [Exec3] 13=%SourceDir%\Internat\Tools\XPeSP\WindowsXP-KB924270-x86-ENU.exe #/passive /norestart# ///[HKEY_LOCAL_MACHINE\SOFTWARE\Microsoft\Updates\Windows XP\SP3\KB924270]:<>
09:21:32 .check: [HKLM\SOFTWARE\Microsoft\Updates\Windows XP\SP3\KB926247]
09:21:32 !Condition FALSE: [Exec3] 14=%SourceDir%\Internat\Tools\XPeSP\WindowsXP-KB926247-x86-ENU.exe #/passive /norestart# ///[HKEY_LOCAL_MACHINE\SOFTWARE\Microsoft\Updates\Windows XP\SP3\KB926247]:<>
09:21:32 .check: [HKLM\SOFTWARE\Microsoft\Updates\Windows XP\SP3\KB926255]
09:21:32 !Condition FALSE: [Exec3] 15=%SourceDir%\Internat\Tools\XPeSP\WindowsXP-KB926255-x86-ENU.exe #/passive /norestart# ///[HKEY_LOCAL_MACHINE\SOFTWARE\Microsoft\Updates\Windows XP\SP3\KB926255]:<>
09:21:32 .check: [HKLM\SOFTWARE\Microsoft\Updates\Windows XP\SP3\KB928255]
09:21:32 !Condition FALSE: [Exec3] 16=%SourceDir%\Internat\Tools\XPeSP\WindowsXP-KB928255-x86-ENU.exe #/passive /norestart# ///[HKEY_LOCAL_MACHINE\SOFTWARE\Microsoft\Updates\Windows XP\SP3\KB928255]:<>
09:21:32 .check: [HKLM\SOFTWARE\Microsoft\Updates\Windows XP\SP3\KB928843]
09:21:32 !Condition FALSE: [Exec3] 17=%SourceDir%\Internat\Tools\XPeSP\WindowsXP-KB928843-x86-ENU.exe #/passive /norestart# ///[HKEY_LOCAL_MACHINE\SOFTWARE\Microsoft\Updates\Windows XP\SP3\KB928843]:<>
09:21:32 .check: [HKLM\SOFTWARE\Microsoft\Updates\Windows XP\SP3\KB927779]
09:21:32 !Condition FALSE: [Exec3] 18=%SourceDir%\Internat\Tools\XPeSP\WindowsXP-KB927779-x86-ENU.exe #/passive /norestart# ///[HKEY_LOCAL_MACHINE\SOFTWARE\Microsoft\Updates\Windows XP\SP3\KB927779]:<>
09:21:32 .check: [HKLM\SOFTWARE\Microsoft\Updates\Windows XP\SP3\KB926436]
09:21:32 !Condition FALSE: [Exec3] 19=%SourceDir%\Internat\Tools\XPeSP\WindowsXP-KB926436-x86-ENU.exe #/passive /norestart# ///[HKEY_LOCAL_MACHINE\SOFTWARE\Microsoft\Updates\Windows XP\SP3\KB926436]:<>
09:21:32 .check: [HKLM\SOFTWARE\Microsoft\Updates\Windows XP\SP3\KB924667]
09:21:32 !Condition FALSE: [Exec3] 20=%SourceDir%\Internat\Tools\XPeSP\WindowsXP-KB924667-x86-ENU.exe #/passive /norestart# ///[HKEY_LOCAL_MACHINE\SOFTWARE\Microsoft\Updates\Windows XP\SP3\KB924667]:<>
09:21:32 .check: [HKLM\SOFTWARE\Microsoft\Updates\Windows XP\SP3\KB918118]
09:21:32 !Condition FALSE: [Exec3] 21=%SourceDir%\Internat\Tools\XPeSP\WindowsXP-KB918118-x86-ENU.exe #/passive /norestart# ///[HKEY_LOCAL_MACHINE\SOFTWARE\Microsoft\Updates\Windows XP\SP3\KB918118]:<>
09:21:32 .check: [HKLM\SOFTWARE\Microsoft\Updates\Windows XP\SP3\KB925902]
09:21:32 !Condition FALSE: [Exec3] 22=%SourceDir%\Internat\Tools\XPeSP\WindowsXP-KB925902-x86-ENU.exe #/passive /norestart# ///[HKEY_LOCAL_MACHINE\SOFTWARE\Microsoft\Updates\Windows XP\SP3\KB925902]:<>
09:21:32 .check: [HKLM\SOFTWARE\Microsoft\Updates\Windows XP\SP3\KB932168]
09:21:32 !Condition FALSE: [Exec3] 23=%SourceDir%\Internat\Tools\XPeSP\WindowsXP-KB932168-x86-ENU.exe #/passive /norestart# ///[HKEY_LOCAL_MACHINE\SOFTWARE\Microsoft\Updates\Windows XP\SP3\KB932168]:<>
09:21:32 .check: [HKLM\SOFTWARE\Microsoft\Updates\Windows XP\SP3\KB930178]
09:21:32 !Condition FALSE: [Exec3] 24=%SourceDir%\Internat\Tools\XPeSP\WindowsXP-KB930178-x86-ENU.exe #/passive /norestart# ///[HKEY_LOCAL_MACHINE\SOFTWARE\Microsoft\Updates\Windows XP\SP3\KB930178]:<>
09:21:32 .check: [HKLM\SOFTWARE\Microsoft\Updates\Microsoft .NET Framework 2.0\KB928365]
09:21:32 !Condition FALSE: [Exec3] 25=%SourceDir%\Internat\Tools\XPeSP\NDP20-KB928365-X86.exe #/qn /norestart# ///[HKEY_LOCAL_MACHINE\SOFTWARE\Microsoft\Updates\Microsoft .NET Framework 2.0\KB928365]:<>
09:21:32 .check: [HKLM\SOFTWARE\Microsoft\Updates\Windows XP\SP3\KB939373]
09:21:32 !Condition FALSE: [Exec3] 26=%SourceDir%\Internat\Tools\XPeSP\WindowsXP-KB939373-x86-ENU.exe #/passive /norestart# ///[HKEY_LOCAL_MACHINE\SOFTWARE\Microsoft\Updates\Windows XP\SP3\KB939373]:<>
09:21:32 .check: [HKLM\SOFTWARE\Microsoft\Updates\Windows XP\SP3\KB938127]
09:21:32 !Condition FALSE: [Exec3] 27=%SourceDir%\Internat\Tools\XPeSP\WindowsXP-KB938127-x86-ENU.exe #/passive /norestart# ///[HKEY_LOCAL_MACHINE\SOFTWARE\Microsoft\Updates\Windows XP\SP3\KB938127]:<>
09:21:32 .check: [HKLM\SOFTWARE\Microsoft\Updates\Windows XP\SP3\KB943460]
09:21:32 !Condition FALSE: [Exec3] 28=%SourceDir%\Internat\Tools\XPeSP\WindowsXP-KB943460-x86-ENU.exe #/passive /norestart# ///[HKEY_LOCAL_MACHINE\SOFTWARE\Microsoft\Updates\Windows XP\SP3\KB943460]:<>
09:21:32 .check: [HKLM\SOFTWARE\Microsoft\Updates\Windows XP\SP3\KB941644]
09:21:32 !Condition FALSE: [Exec3] 29=%SourceDir%\Internat\Tools\XPeSP\WindowsXP-KB941644-x86-ENU.exe #/passive /norestart# ///[HKEY_LOCAL_MACHINE\SOFTWARE\Microsoft\Updates\Windows XP\SP3\KB941644]:<>
09:21:32 .check: [HKLM\SOFTWARE\Microsoft\Updates\Windows XP\SP3\KB943485]
09:21:32 !Condition FALSE: [Exec3] 30=%SourceDir%\Internat\Tools\XPeSP\WindowsXP-KB943485-x86-ENU.exe #/passive /norestart# ///[HKEY_LOCAL_MACHINE\SOFTWARE\Microsoft\Updates\Windows XP\SP3\KB943485]:<>
09:21:32 .check: [HKLM\SOFTWARE\Microsoft\Updates\Windows XP\SP3\KB942831]
09:21:32 !Condition FALSE: [Exec3] 31=%SourceDir%\Internat\Tools\XPeSP\WindowsXP-KB942831-x86-ENU.exe #/passive /norestart# ///[HKEY_LOCAL_MACHINE\SOFTWARE\Microsoft\Updates\Windows XP\SP3\KB942831]:<>
09:21:32 .check: [HKLM\SOFTWARE\Microsoft\Updates\Windows XP\SP3\KB942830]
09:21:32 !Condition FALSE: [Exec3] 32=%SourceDir%\Internat\Tools\XPeSP\WindowsXP-KB942830-x86-ENU.exe #/passive /norestart# ///[HKEY_LOCAL_MACHINE\SOFTWARE\Microsoft\Updates\Windows XP\SP3\KB942830]:<>
09:21:32 .check: [HKLM\SOFTWARE\Microsoft\Updates\Windows XP\SP3\KB946026]
09:21:32 !Condition FALSE: [Exec3] 33=%SourceDir%\Internat\Tools\XPeSP\WindowsXP-KB946026-x86-ENU.exe #/passive /norestart# ///[HKEY_LOCAL_MACHINE\SOFTWARE\Microsoft\Updates\Windows XP\SP3\KB946026]:<>
09:21:32 .check: [HKLM\SOFTWARE\Microsoft\Updates\Windows XP\SP3\KB943055]
09:21:32 !Condition FALSE: [Exec3] 34=%SourceDir%\Internat\Tools\XPeSP\WindowsXP-KB943055-x86-ENU.exe #/passive /norestart# ///[HKEY_LOCAL_MACHINE\SOFTWARE\Microsoft\Updates\Windows XP\SP3\KB943055]:<>
09:21:32 .check: [HKLM\SOFTWARE\Microsoft\Updates\Windows XP\SP3\KB945553]
09:21:32 !Condition FALSE: [Exec3] 35=%SourceDir%\Internat\Tools\XPeSP\WindowsXP-KB945553-x86-ENU.exe #/passive /norestart# ///[HKEY_LOCAL_MACHINE\SOFTWARE\Microsoft\Updates\Windows XP\SP3\KB945553]:<>
09:21:32 .check: [HKLM\SOFTWARE\Microsoft\Updates\Windows XP\SP3\KB944338]
09:21:32 !Condition FALSE: [Exec3] 36=%SourceDir%\Internat\Tools\XPeSP\WindowsXP-KB944338-x86-ENU.exe #/passive /norestart# ///[HKEY_LOCAL_MACHINE\SOFTWARE\Microsoft\Updates\Windows XP\SP3\KB944338]:<>
09:21:32 .check: [HKLM\SOFTWARE\Microsoft\Updates\Windows XP\SP3\KB950749]
09:21:32 !Condition FALSE: [Exec3] 37=%SourceDir%\Internat\Tools\XPeSP\WindowsXP-KB950749-x86-ENU.exe #/passive /norestart# ///[HKEY_LOCAL_MACHINE\SOFTWARE\Microsoft\Updates\Windows XP\SP3\KB950749]:<>
09:21:32 .check: [HKLM\SOFTWARE\Microsoft\Updates\Windows XP\SP4\KB950762]
09:21:32 !Condition FALSE: [Exec3] 38=%SourceDir%\Internat\Tools\XPeSP\WindowsXP-KB950762-x86-ENU.exe #/passive /norestart# ///[HKEY_LOCAL_MACHINE\SOFTWARE\Microsoft\Updates\Windows XP\SP4\KB950762]:<>
09:21:32 .check: [HKLM\SOFTWARE\Microsoft\Updates\Windows XP\SP4\KB951748]
09:21:32 !Condition FALSE: [Exec3] 39=%SourceDir%\Internat\Tools\XPeSP\WindowsXP-KB951748-x86-ENU.exe #/passive /norestart# ///[HKEY_LOCAL_MACHINE\SOFTWARE\Microsoft\Updates\Windows XP\SP4\KB951748]:<>
09:21:32 .check: [HKLM\SOFTWARE\Microsoft\Updates\Windows XP\SP4\KB952954]
09:21:32 !Condition FALSE: [Exec3] 40=%SourceDir%\Internat\Tools\XPeSP\WindowsXP-KB952954-x86-ENU.exe #/passive /norestart# ///[HKEY_LOCAL_MACHINE\SOFTWARE\Microsoft\Updates\Windows XP\SP4\KB952954]:<>
09:21:32 .check: [HKLM\SOFTWARE\Microsoft\Updates\Windows XP\SP4\KB950974]
09:21:32 !Condition FALSE: [Exec3] 41=%SourceDir%\Internat\Tools\XPeSP\WindowsXP-KB950974-x86-ENU.exe #/passive /norestart# ///[HKEY_LOCAL_MACHINE\SOFTWARE\Microsoft\Updates\Windows XP\SP4\KB950974]:<>
09:21:32 .check: [HKLM\SOFTWARE\Microsoft\Updates\Windows XP\SP4\KB938464]
09:21:32 !Condition FALSE: [Exec3] 42=%SourceDir%\Internat\Tools\XPeSP\KB938464\update\update.exe #/passive /norestart# ///[HKEY_LOCAL_MACHINE\SOFTWARE\Microsoft\Updates\Windows XP\SP4\KB938464]:<>
09:21:32 .check: [HKLM\SOFTWARE\Microsoft\Updates\Windows XP\SP4\KB953155]
09:21:32 !Condition FALSE: [Exec3] 43=%SourceDir%\Internat\Tools\XPeSP\WindowsXP-KB953155-x86-ENU.exe #/passive /norestart# ///[HKEY_LOCAL_MACHINE\SOFTWARE\Microsoft\Updates\Windows XP\SP4\KB953155]:<>
09:21:32 .check: [HKLM\SOFTWARE\Microsoft\Updates\Windows XP\SP4\KB957095]
09:21:32 !Condition FALSE: [Exec3] 44=%SourceDir%\Internat\Tools\XPeSP\WindowsXP-KB957095-x86-ENU.exe #/passive /norestart# ///[HKEY_LOCAL_MACHINE\SOFTWARE\Microsoft\Updates\Windows XP\SP4\KB957095]:<>
09:21:32 .check: [HKLM\SOFTWARE\Microsoft\Updates\Windows XP\SP4\KB956803]
09:21:32 !Condition FALSE: [Exec3] 45=%SourceDir%\Internat\Tools\XPeSP\WindowsXP-KB956803-x86-ENU.exe #/passive /norestart# ///[HKEY_LOCAL_MACHINE\SOFTWARE\Microsoft\Updates\Windows XP\SP4\KB956803]:<>
09:21:32 .check: [HKLM\SOFTWARE\Microsoft\Updates\Windows XP\SP4\KB958644]
09:21:32 !can't open key
09:21:32 .Execute check parameter: D:\KRC1_CD\INTERNAT\TOOLS\XPESP\Internat\Tools\XPeSP\WindowsXP-KB958644-x86-ENU.exe #/passive /norestart#
09:21:32 .Execute start: "D:\KRC1_CD\INTERNAT\TOOLS\XPESP\Internat\Tools\XPeSP\WindowsXP-KB958644-x86-ENU.exe" /passive /norestart
09:21:32 #Exec: File or path not found: D:\KRC1_CD\INTERNAT\TOOLS\XPESP\Internat\Tools\XPeSP\WindowsXP-KB958644-x86-ENU.exe
09:21:32 !Show error dialog
09:21:32 !Security Update failed!!!
09:21:32 !Error value: 8
09:21:32 .Return value = 1
09:21:32 ._SETUP.EXE ends at: November 22, 2019 09:21:32
09:21:32 -----------------------------------------------------------------------------
